Build started 1/19/2015 12:54:08 PM.
     1>Project "C:\Users\User\Documents\Visual Studio 2013\Projects\assignment 1\assignment 1\assignment 1.vcxproj" on node 2 (Build target(s)).
     1>ClCompile:
         E:\Adam\Computer Stuff\Visual Studio 2013\VC\bin\CL.exe /c /ZI /nologo /W3 /WX- /sdl /Od /Oy- /D WIN32 /D _DEBUG /D _CONSOLE /D _LIB /D _UNICODE /D UNICODE /Gm /EHsc /RTC1 /MDd /GS /fp:precise /Zc:wchar_t /Zc:forScope /Fo"Debug\\" /Fd"Debug\vc120.pdb" /Gd /TP /analyze- /errorReport:prompt main1.cpp
         main1.cpp
     1>c:\users\user\documents\visual studio 2013\projects\assignment 1\assignment 1\main1.cpp(192): error C3861: 'sortByTerm': identifier not found
     1>Done Building Project "C:\Users\User\Documents\Visual Studio 2013\Projects\assignment 1\assignment 1\assignment 1.vcxproj" (Build target(s)) -- FAILED.

Build FAILED.

Time Elapsed 00:00:01.36
